2011-11-27 20:10:38 [INFO] Starting minecraft server version 1.0.1
2011-11-27 20:10:38 [INFO] Loading properties
2011-11-27 20:10:38 [WARNING] server.properties does not exist
2011-11-27 20:10:38 [INFO] Generating new properties file
2011-11-27 20:10:38 [INFO] Starting Minecraft server on *:25565
2011-11-27 20:10:38 [WARNING] Failed to load ban list: java.io.FileNotFoundException: banned-players.txt (No such file or directory)
2011-11-27 20:10:38 [WARNING] Failed to load ip ban list: java.io.FileNotFoundException: banned-ips.txt (No such file or directory)
2011-11-27 20:10:38 [WARNING] Failed to load operators list: java.io.FileNotFoundException: ops.txt (No such file or directory)
2011-11-27 20:10:38 [WARNING] Failed to load white-list: java.io.FileNotFoundException: white-list.txt (No such file or directory)
2011-11-27 20:10:38 [INFO] Preparing level "world"
2011-11-27 20:10:38 [INFO] Default game type: 0
2011-11-27 20:10:41 [INFO] Preparing start region for level 0
2011-11-27 20:10:42 [INFO] Preparing spawn area: 8%
2011-11-27 20:10:43 [INFO] Preparing spawn area: 24%
2011-11-27 20:10:44 [INFO] Preparing spawn area: 44%
2011-11-27 20:10:45 [INFO] Preparing spawn area: 61%
2011-11-27 20:10:46 [INFO] Preparing spawn area: 81%
2011-11-27 20:10:47 [INFO] Done (8636925000ns)! For help, type "help" or "?"
2011-11-27 20:10:50 [INFO] CONSOLE: Stopping the server..
2011-11-27 20:10:50 [INFO] Stopping server
2011-11-27 20:10:50 [INFO] Saving chunks
2011-11-27 20:11:04 [INFO] Saving chunks
2011-11-27 20:11:04 [INFO] Saving chunks
